[2022-08-27T14:48:27.051Z] Log level: Info
[2022-08-27T14:48:27.057Z] [info] Validating found git in: git
[2022-08-27T14:48:27.083Z] [info] Using git 2.37.1 from git
[2022-08-27T14:48:27.115Z] > git rev-parse --show-toplevel [8ms]
[2022-08-27T14:48:27.173Z] > git rev-parse --git-dir --git-common-dir [46ms]
[2022-08-27T14:48:27.184Z] [info] Open repository: /home/woshyy/Documents/Project/1TD317
[2022-08-27T14:48:27.222Z] > git status -z -uall [26ms]
[2022-08-27T14:48:27.232Z] > git symbolic-ref --short HEAD [3ms]
[2022-08-27T14:48:27.243Z] > git for-each-ref --format=%(refname)%00%(upstream:short)%00%(objectname)%00%(upstream:track)%00%(upstream:remotename)%00%(upstream:remoteref) refs/heads/main refs/remotes/main [1ms]
[2022-08-27T14:48:27.266Z] > git remote --verbose [8ms]
[2022-08-27T14:48:27.267Z] > git for-each-ref --sort -committerdate --format %(refname) %(objectname) %(*objectname) [16ms]
[2022-08-27T14:48:27.285Z] > git config --get commit.template [3ms]
[2022-08-27T14:48:27.301Z] > git status -z -uall [2ms]
[2022-08-27T14:48:27.311Z] > git symbolic-ref --short HEAD [2ms]
[2022-08-27T14:48:27.319Z] > git for-each-ref --format=%(refname)%00%(upstream:short)%00%(objectname)%00%(upstream:track)%00%(upstream:remotename)%00%(upstream:remoteref) refs/heads/main refs/remotes/main [2ms]
[2022-08-27T14:48:27.336Z] > git for-each-ref --sort -committerdate --format %(refname) %(objectname) %(*objectname) [9ms]
[2022-08-27T14:48:27.337Z] > git remote --verbose [2ms]
[2022-08-27T14:48:27.350Z] > git config --get commit.template [2ms]
[2022-08-27T14:48:27.777Z] > git check-ignore -v -z --stdin [3ms]
[2022-08-27T14:49:19.942Z] > git rev-parse --show-toplevel [28ms]
[2022-08-27T14:49:19.942Z] fatal: not a git repository (or any of the parent directories): .git
