[2022-07-08T04:07:23.961Z] Log level: Info
[2022-07-08T04:07:23.962Z] [info] Validating found git in: git
[2022-07-08T04:07:23.996Z] [info] Using git 2.36.1 from git
[2022-07-08T04:07:24.023Z] > git rev-parse --show-toplevel [7ms]
[2022-07-08T04:07:24.023Z] fatal: not a git repository (or any of the parent directories): .git
[2022-07-08T04:07:24.041Z] > git rev-parse --show-toplevel [1ms]
[2022-07-08T04:07:24.041Z] fatal: not a git repository (or any of the parent directories): .git
[2022-07-08T04:07:24.080Z] > git rev-parse --show-toplevel [27ms]
[2022-07-08T04:07:24.080Z] fatal: not a git repository (or any of the parent directories): .git
[2022-07-08T04:07:24.105Z] > git rev-parse --show-toplevel [19ms]
[2022-07-08T04:07:24.105Z] fatal: not a git repository (or any of the parent directories): .git
[2022-07-08T04:07:24.117Z] > git rev-parse --show-toplevel [4ms]
[2022-07-08T04:07:24.117Z] fatal: not a git repository (or any of the parent directories): .git
[2022-07-08T04:07:24.125Z] > git rev-parse --show-toplevel [1ms]
[2022-07-08T04:07:24.125Z] fatal: not a git repository (or any of the parent directories): .git
[2022-07-08T04:07:24.135Z] > git rev-parse --show-toplevel [2ms]
[2022-07-08T04:07:24.135Z] fatal: not a git repository (or any of the parent directories): .git
[2022-07-08T04:07:24.144Z] > git rev-parse --show-toplevel [2ms]
[2022-07-08T04:07:24.144Z] fatal: not a git repository (or any of the parent directories): .git
[2022-07-08T04:07:25.117Z] > git rev-parse --show-toplevel [10ms]
[2022-07-08T04:07:25.117Z] fatal: not a git repository (or any of the parent directories): .git
[2022-07-08T04:25:14.543Z] > git rev-parse --show-toplevel [7ms]
[2022-07-08T04:25:14.543Z] fatal: not a git repository (or any of the parent directories): .git
[2022-07-08T04:25:15.337Z] > git rev-parse --show-toplevel [7ms]
[2022-07-08T04:25:15.338Z] fatal: not a git repository (or any of the parent directories): .git
[2022-07-08T04:25:24.654Z] > git rev-parse --show-toplevel [6ms]
[2022-07-08T04:25:24.654Z] fatal: not a git repository (or any of the parent directories): .git
[2022-07-08T04:30:48.694Z] > git rev-parse --show-toplevel [4ms]
[2022-07-08T04:30:48.694Z] fatal: not a git repository (or any of the parent directories): .git
[2022-07-08T05:15:32.364Z] > git rev-parse --show-toplevel [3ms]
[2022-07-08T05:15:32.364Z] fatal: not a git repository (or any of the parent directories): .git
[2022-07-08T05:15:54.525Z] > git rev-parse --show-toplevel [2ms]
[2022-07-08T05:15:54.525Z] fatal: not a git repository (or any of the parent directories): .git
[2022-07-08T05:15:56.291Z] > git rev-parse --show-toplevel [3ms]
[2022-07-08T05:15:56.292Z] fatal: not a git repository (or any of the parent directories): .git
[2022-07-08T05:16:25.532Z] > git rev-parse --show-toplevel [3ms]
[2022-07-08T05:16:25.532Z] fatal: not a git repository (or any of the parent directories): .git
[2022-07-08T05:16:26.765Z] > git rev-parse --show-toplevel [2ms]
[2022-07-08T05:16:26.765Z] fatal: not a git repository (or any of the parent directories): .git
[2022-07-08T05:25:50.904Z] > git rev-parse --show-toplevel [2ms]
[2022-07-08T05:25:50.904Z] fatal: not a git repository (or any of the parent directories): .git
[2022-07-08T05:25:53.805Z] > git rev-parse --show-toplevel [2ms]
[2022-07-08T05:25:53.805Z] fatal: not a git repository (or any of the parent directories): .git
[2022-07-08T05:26:48.340Z] > git rev-parse --show-toplevel [3ms]
[2022-07-08T05:26:48.340Z] fatal: not a git repository (or any of the parent directories): .git
[2022-07-08T05:27:06.098Z] > git rev-parse --show-toplevel [3ms]
[2022-07-08T05:27:06.098Z] fatal: not a git repository (or any of the parent directories): .git
[2022-07-08T05:28:27.302Z] > git rev-parse --show-toplevel [3ms]
[2022-07-08T05:28:27.302Z] fatal: not a git repository (or any of the parent directories): .git
[2022-07-08T05:28:39.631Z] > git rev-parse --show-toplevel [4ms]
[2022-07-08T05:28:39.631Z] fatal: not a git repository (or any of the parent directories): .git
[2022-07-08T05:39:27.849Z] > git rev-parse --show-toplevel [2ms]
[2022-07-08T05:39:27.849Z] fatal: not a git repository (or any of the parent directories): .git
[2022-07-08T05:46:43.306Z] > git rev-parse --show-toplevel [3ms]
[2022-07-08T05:46:43.306Z] fatal: not a git repository (or any of the parent directories): .git
[2022-07-08T05:49:41.935Z] > git rev-parse --show-toplevel [4ms]
[2022-07-08T05:49:41.935Z] fatal: not a git repository (or any of the parent directories): .git
[2022-07-08T05:49:47.528Z] > git rev-parse --show-toplevel [3ms]
[2022-07-08T05:49:47.528Z] fatal: not a git repository (or any of the parent directories): .git
[2022-07-08T05:54:02.858Z] > git rev-parse --show-toplevel [3ms]
[2022-07-08T05:54:02.858Z] fatal: not a git repository (or any of the parent directories): .git
[2022-07-08T06:14:20.310Z] > git rev-parse --show-toplevel [3ms]
[2022-07-08T06:14:20.310Z] fatal: not a git repository (or any of the parent directories): .git
[2022-07-08T06:14:22.247Z] > git rev-parse --show-toplevel [2ms]
[2022-07-08T06:14:22.247Z] fatal: not a git repository (or any of the parent directories): .git
[2022-07-08T06:25:15.497Z] > git rev-parse --show-toplevel [2ms]
[2022-07-08T06:25:15.497Z] fatal: not a git repository (or any of the parent directories): .git
[2022-07-08T06:25:24.880Z] > git rev-parse --show-toplevel [3ms]
[2022-07-08T06:25:24.881Z] fatal: not a git repository (or any of the parent directories): .git
[2022-07-08T07:56:04.322Z] > git rev-parse --show-toplevel [5ms]
[2022-07-08T07:56:04.322Z] fatal: not a git repository (or any of the parent directories): .git
