[2022-07-20T12:10:41.568Z] Log level: Info
[2022-07-20T12:10:41.570Z] [info] Validating found git in: git
[2022-07-20T12:10:41.603Z] [info] Using git 2.36.1 from git
[2022-07-20T12:10:41.625Z] > git rev-parse --show-toplevel [6ms]
[2022-07-20T12:10:41.625Z] fatal: not a git repository (or any of the parent directories): .git
[2022-07-20T12:10:41.638Z] > git rev-parse --show-toplevel [2ms]
[2022-07-20T12:10:41.638Z] fatal: not a git repository (or any of the parent directories): .git
[2022-07-20T12:10:41.674Z] > git rev-parse --show-toplevel [28ms]
[2022-07-20T12:10:41.674Z] fatal: not a git repository (or any of the parent directories): .git
[2022-07-20T12:10:41.682Z] > git rev-parse --show-toplevel [3ms]
[2022-07-20T12:10:41.682Z] fatal: not a git repository (or any of the parent directories): .git
[2022-07-20T12:10:41.691Z] > git rev-parse --show-toplevel [1ms]
[2022-07-20T12:10:41.691Z] fatal: not a git repository (or any of the parent directories): .git
[2022-07-20T12:10:41.708Z] > git rev-parse --show-toplevel [11ms]
[2022-07-20T12:10:41.708Z] fatal: not a git repository (or any of the parent directories): .git
[2022-07-20T12:10:41.722Z] > git rev-parse --show-toplevel [7ms]
[2022-07-20T12:10:41.722Z] fatal: not a git repository (or any of the parent directories): .git
[2022-07-20T12:10:41.730Z] > git rev-parse --show-toplevel [1ms]
[2022-07-20T12:10:41.730Z] fatal: not a git repository (or any of the parent directories): .git
[2022-07-20T12:25:36.963Z] > git rev-parse --show-toplevel [7ms]
[2022-07-20T12:25:36.963Z] fatal: not a git repository (or any of the parent directories): .git
